{"name": "test_createnegative[credentials0]", "status": "failed", "statusDetails": {"message": "AssertionError: Check that user has issue in Credentials text boxes\nassert 'element click intercepted' in 'Message: Element <span class=\"MuiButton-label\"> is not clickable at point (960,602) because another element <form class=\"makeStyles-form-18\"> obscures it\\nStacktrace:\\nRemoteError@chrome://remote/content/shared/RemoteError.sys.mjs:8:8\\nWebDriverError@chrome://remote/content/shared/webdriver/Errors.sys.mjs:187:5\\nElementClickInterceptedError@chrome://remote/content/shared/webdriver/Errors.sys.mjs:331:5\\nwebdriverClickElement@chrome://remote/content/marionette/interaction.sys.mjs:162:11\\ninteraction.clickElement@chrome://remote/content/marionette/interaction.sys.mjs:121:11\\nclickElement@chrome://remote/content/marionette/actors/MarionetteCommandsChild.sys.mjs:214:29\\nreceiveMessage@chrome://remote/content/marionette/actors/MarionetteCommandsChild.sys.mjs:97:31\\n'", "trace": "self = <TestAssessment.tests.test_create_account_negative_cred.TestLogin object at 0x00000247BADFF0A0>, setup = None, credentials = ('\"Test\"', '\"Test\"', '123', '\"Test\"')\n\n    @pytest.mark.smoke\n    def test_createnegative(self, setup, credentials):\n        # Initialing Log files to generate during the TC execution\n        log = self.getLogger()\n    \n    \n        # Clickig on the New User Registration\n        log.info(\"Before Clicking the New User registration Button\")\n        loginPage = LoginPageElements(self.driver)\n        loginPage.UserName(username)\n        loginPage.NewUser()\n    \n        #  Entering the Credentials in the New User Registration Page\n        log.info(\"Entering the Registration details\")\n        newUserPage = NewAccountsPageElements(self.driver)\n        newUserPage.FirstName(credentials[0])\n        newUserPage.LastName(credentials[1])\n        newUserPage.UserName(credentials[3])\n        newUserPage.PassWord(credentials[2])\n        newUserPage.ConfirmPassWord(credentials[2])\n        signUp = newUserPage.SignUpNeg(log)\n>       assert 'element click intercepted' in signUp, f\"Check that user has issue in Credentials text boxes\"\nE       AssertionError: Check that user has issue in Credentials text boxes\nE       assert 'element click intercepted' in 'Message: Element <span class=\"MuiButton-label\"> is not clickable at point (960,602) because another element <form class=\"makeStyles-form-18\"> obscures it\\nStacktrace:\\nRemoteError@chrome://remote/content/shared/RemoteError.sys.mjs:8:8\\nWebDriverError@chrome://remote/content/shared/webdriver/Errors.sys.mjs:187:5\\nElementClickInterceptedError@chrome://remote/content/shared/webdriver/Errors.sys.mjs:331:5\\nwebdriverClickElement@chrome://remote/content/marionette/interaction.sys.mjs:162:11\\ninteraction.clickElement@chrome://remote/content/marionette/interaction.sys.mjs:121:11\\nclickElement@chrome://remote/content/marionette/actors/MarionetteCommandsChild.sys.mjs:214:29\\nreceiveMessage@chrome://remote/content/marionette/actors/MarionetteCommandsChild.sys.mjs:97:31\\n'\n\ntest_create_account_negative_cred.py:39: AssertionError"}, "attachments": [{"name": "log", "source": "fd13b53d-3853-4228-ab5a-3a6264255010-attachment.txt", "type": "text/plain"}], "parameters": [{"name": "credentials", "value": "('\"Test\"', '\"Test\"', '123', '\"Test\"')"}], "start": 1695144422979, "stop": 1695144424527, "uuid": "d36d7568-8aea-4256-ba5a-a564b5e194d7", "historyId": "5ec094510528498208d181ed0dd81b79", "testCaseId": "a281d270e892838818c887ade279ea2c", "fullName": "tests.test_create_account_negative_cred.TestLogin#test_createnegative", "labels": [{"name": "tag", "value": "smoke"}, {"name": "tag", "value": "@pytest.mark.usefixtures('setup')"}, {"name": "parentSuite", "value": "tests"}, {"name": "suite", "value": "test_create_account_negative_cred"}, {"name": "subSuite", "value": "TestLogin"}, {"name": "host", "value": "MAA155CG051657Z"}, {"name": "thread", "value": "23284-MainThread"}, {"name": "framework", "value": "pytest"}, {"name": "language", "value": "cpython3"}, {"name": "package", "value": "tests.test_create_account_negative_cred"}]}